0 info it worked if it ends with ok
1 verbose cli [ 'D:\\node\\node.exe',
1 verbose cli   'D:\\node\\node_modules\\npm\\bin\\npm-cli.js',
1 verbose cli   'start' ]
2 info using npm@4.0.5
3 info using node@v7.4.0
4 verbose run-script [ 'prestart', 'start', 'poststart' ]
5 info lifecycle javascript-development-environment@1.0.0~prestart: javascript-development-environment@1.0.0
6 silly lifecycle javascript-development-environment@1.0.0~prestart: no script for prestart, continuing
7 info lifecycle javascript-development-environment@1.0.0~start: javascript-development-environment@1.0.0
8 verbose lifecycle javascript-development-environment@1.0.0~start: unsafe-perm in lifecycle true
9 verbose lifecycle javascript-development-environment@1.0.0~start: PATH: D:\node\node_modules\npm\bin\node-gyp-bin;D:\bloomfield\node_modules\.bin;C:\ProgramData\Oracle\Java\javapath;D:/201402636/ccs/xdctools_3_22_01_21;C:\Program Files\Common Files\Microsoft Shared\Windows Live;C:\Program Files (x86)\Common Files\Microsoft Shared\Windows Live;C:\Program Files (x86)\Wizvera\Delfino;C:\PROGRA~1\PTC\MKSTOO~1\bin64;C:\PROGRA~1\PTC\MKSTOO~1\bin;C:\PROGRA~1\PTC\MKSTOO~1\bin\X11;C:\PROGRA~1\PTC\MKSTOO~1\mksnt;C:\Windows\system32;C:\Windows;C:\Windows\System32\Wbem;C:\Windows\System32\WindowsPowerShell\v1.0\;D:\201402636\3-1\matlab\runtime\win64;D:\201402636\3-1\matlab\bin;C:\Program Files (x86)\Microsoft SQL Server\100\Tools\Binn\;C:\Program Files\Microsoft SQL Server\100\Tools\Binn\;C:\Program Files\Microsoft SQL Server\100\DTS\Binn\;C:\Program Files (x86)\Windows Live\Shared;C:\Program Files (x86)\Windows Kits\8.1\Windows Performance Toolkit\;C:\opencv\build\x64\vc14\bin;D:\node\;D:/201402636/ccs/xdctools_3_22_01_21;%CDSROOT%\OpenAccess\bin\win32\opt;%CDSROOT%\tools\pcb\bin;%CDSROOT%\tools\fet\bin;%CDSROOT%\tools\Capture;%CDSROOT%\tools\PSpice;%CDSROOT%\tools\specctra\bin;%CDSROOT%\tools\bin;;D:\Microsoft VS Code\bin;C:\Users\Pilho Kim\AppData\Roaming\npm
10 verbose lifecycle javascript-development-environment@1.0.0~start: CWD: D:\bloomfield
11 silly lifecycle javascript-development-environment@1.0.0~start: Args: [ '/d /s /c', 'node build Script/srcServer.js' ]
12 silly lifecycle javascript-development-environment@1.0.0~start: Returned: code: 1  signal: null
13 info lifecycle javascript-development-environment@1.0.0~start: Failed to exec start script
14 verbose stack Error: javascript-development-environment@1.0.0 start: `node build Script/srcServer.js`
14 verbose stack Exit status 1
14 verbose stack     at EventEmitter.<anonymous> (D:\node\node_modules\npm\lib\utils\lifecycle.js:279:16)
14 verbose stack     at emitTwo (events.js:106:13)
14 verbose stack     at EventEmitter.emit (events.js:191:7)
14 verbose stack     at ChildProcess.<anonymous> (D:\node\node_modules\npm\lib\utils\spawn.js:40:14)
14 verbose stack     at emitTwo (events.js:106:13)
14 verbose stack     at ChildProcess.emit (events.js:191:7)
14 verbose stack     at maybeClose (internal/child_process.js:885:16)
14 verbose stack     at Process.ChildProcess._handle.onexit (internal/child_process.js:226:5)
15 verbose pkgid javascript-development-environment@1.0.0
16 verbose cwd D:\bloomfield
17 error Windows_NT 6.1.7601
18 error argv "D:\\node\\node.exe" "D:\\node\\node_modules\\npm\\bin\\npm-cli.js" "start"
19 error node v7.4.0
20 error npm  v4.0.5
21 error code ELIFECYCLE
22 error javascript-development-environment@1.0.0 start: `node build Script/srcServer.js`
22 error Exit status 1
23 error Failed at the javascript-development-environment@1.0.0 start script 'node build Script/srcServer.js'.
23 error Make sure you have the latest version of node.js and npm installed.
23 error If you do, this is most likely a problem with the javascript-development-environment package,
23 error not with npm itself.
23 error Tell the author that this fails on your system:
23 error     node build Script/srcServer.js
23 error You can get information on how to open an issue for this project with:
23 error     npm bugs javascript-development-environment
23 error Or if that isn't available, you can get their info via:
23 error     npm owner ls javascript-development-environment
23 error There is likely additional logging output above.
24 verbose exit [ 1, true ]
